TN:
SF:C:\Users\jeanpython\Documents\node\DB\index.js
FN:9,(anonymous_0)
FNF:1
FNH:1
FNDA:4,(anonymous_0)
DA:3,4
DA:4,4
DA:5,4
DA:6,4
DA:7,4
DA:9,4
DA:10,4
DA:22,4
DA:23,4
DA:24,4
DA:26,4
DA:27,4
DA:29,4
DA:30,4
DA:31,0
DA:34,4
DA:35,4
DA:37,4
LF:18
LH:17
BRDA:30,0,0,0
BRDA:30,0,1,4
BRF:2
BRH:1
end_of_record
TN:
SF:C:\Users\jeanpython\Documents\node\DB\lib\agent.js
FN:3,setupAgent
FN:4,(anonymous_1)
FN:20,(anonymous_2)
FNF:3
FNH:3
FNDA:4,setupAgent
FNDA:1,(anonymous_1)
FNDA:1,(anonymous_2)
DA:3,1
DA:4,4
DA:5,1
DA:11,1
DA:12,1
DA:13,1
DA:14,1
DA:16,0
DA:17,0
DA:20,4
DA:21,1
DA:24,4
LF:12
LH:10
BRDA:12,0,0,1
BRDA:12,0,1,0
BRDA:14,1,0,1
BRDA:14,1,1,0
BRF:4
BRH:2
end_of_record
TN:
SF:C:\Users\jeanpython\Documents\node\DB\lib\db.js
FN:6,setupDataBase
FNF:1
FNH:1
FNDA:4,setupDataBase
DA:3,1
DA:4,1
DA:6,1
DA:7,4
DA:8,1
DA:10,4
LF:6
LH:6
BRDA:7,0,0,1
BRDA:7,0,1,3
BRF:2
BRH:2
end_of_record
TN:
SF:C:\Users\jeanpython\Documents\node\DB\models\agent.js
FN:6,setupAgentModel
FNF:1
FNH:0
FNDA:0,setupAgentModel
DA:3,1
DA:4,1
DA:6,1
DA:7,0
DA:9,0
LF:5
LH:3
BRF:0
BRH:0
end_of_record
TN:
SF:C:\Users\jeanpython\Documents\node\DB\models\metric.js
FN:6,setupMetricsModel
FNF:1
FNH:0
FNDA:0,setupMetricsModel
DA:3,1
DA:4,1
DA:6,1
DA:7,0
DA:9,0
LF:5
LH:3
BRF:0
BRH:0
end_of_record
TN:
SF:C:\Users\jeanpython\Documents\node\DB\tests\fixtures\agent.js
FN:27,extend
FN:35,(anonymous_1)
FN:36,(anonymous_2)
FN:37,(anonymous_3)
FN:37,(anonymous_4)
FN:38,(anonymous_5)
FN:38,(anonymous_6)
FNF:7
FNH:7
FNDA:3,extend
FNDA:4,(anonymous_1)
FNDA:4,(anonymous_2)
FNDA:4,(anonymous_3)
FNDA:16,(anonymous_4)
FNDA:5,(anonymous_5)
FNDA:20,(anonymous_6)
DA:3,1
DA:15,1
DA:28,3
DA:29,3
DA:32,1
DA:35,4
DA:36,4
DA:37,16
DA:38,20
LF:9
LH:9
BRF:0
BRH:0
end_of_record
