TN:
SF:C:\Users\jeanpython\Documents\node\DB\index.js
FN:10,(anonymous_0)
FNF:1
FNH:1
FNDA:5,(anonymous_0)
DA:3,5
DA:4,5
DA:5,5
DA:6,5
DA:7,5
DA:8,5
DA:10,5
DA:11,5
DA:23,5
DA:24,5
DA:25,5
DA:27,5
DA:28,5
DA:30,5
DA:31,5
DA:32,0
DA:35,5
DA:36,5
DA:38,5
LF:19
LH:18
BRDA:31,0,0,0
BRDA:31,0,1,5
BRF:2
BRH:1
end_of_record
TN:
SF:C:\Users\jeanpython\Documents\node\DB\lib\agent.js
FN:3,setupAgent
FN:4,(anonymous_1)
FN:20,(anonymous_2)
FN:24,(anonymous_3)
FN:32,(anonymous_4)
FN:36,(anonymous_5)
FN:44,(anonymous_6)
FNF:7
FNH:1
FNDA:5,setupAgent
FNDA:0,(anonymous_1)
FNDA:0,(anonymous_2)
FNDA:0,(anonymous_3)
FNDA:0,(anonymous_4)
FNDA:0,(anonymous_5)
FNDA:0,(anonymous_6)
DA:3,1
DA:4,5
DA:5,0
DA:11,0
DA:12,0
DA:13,0
DA:14,0
DA:16,0
DA:17,0
DA:20,5
DA:21,0
DA:24,5
DA:25,0
DA:32,5
DA:33,0
DA:36,5
DA:37,0
DA:44,5
DA:45,0
DA:52,5
LF:20
LH:8
BRDA:12,0,0,0
BRDA:12,0,1,0
BRDA:14,1,0,0
BRDA:14,1,1,0
BRF:4
BRH:0
end_of_record
TN:
SF:C:\Users\jeanpython\Documents\node\DB\lib\db.js
FN:6,setupDataBase
FNF:1
FNH:1
FNDA:5,setupDataBase
DA:3,1
DA:4,1
DA:6,1
DA:7,5
DA:8,1
DA:10,5
LF:6
LH:6
BRDA:7,0,0,1
BRDA:7,0,1,4
BRF:2
BRH:2
end_of_record
TN:
SF:C:\Users\jeanpython\Documents\node\DB\lib\metric.js
FN:3,setupMetric
FN:4,(anonymous_1)
FN:21,(anonymous_2)
FN:42,(anonymous_3)
FNF:4
FNH:4
FNDA:5,setupMetric
FNDA:1,(anonymous_1)
FNDA:1,(anonymous_2)
FNDA:1,(anonymous_3)
DA:3,1
DA:4,5
DA:5,1
DA:21,5
DA:22,1
DA:42,5
DA:43,1
DA:49,1
DA:50,1
DA:51,1
DA:52,1
DA:56,5
LF:12
LH:12
BRDA:49,0,0,1
BRDA:49,0,1,0
BRF:2
BRH:1
end_of_record
TN:
SF:C:\Users\jeanpython\Documents\node\DB\models\agent.js
FN:6,setupAgentModel
FNF:1
FNH:0
FNDA:0,setupAgentModel
DA:3,1
DA:4,1
DA:6,1
DA:7,0
DA:9,0
LF:5
LH:3
BRF:0
BRH:0
end_of_record
TN:
SF:C:\Users\jeanpython\Documents\node\DB\models\metric.js
FN:6,setupMetricsModel
FNF:1
FNH:0
FNDA:0,setupMetricsModel
DA:3,1
DA:4,1
DA:6,1
DA:7,0
DA:9,0
LF:5
LH:3
BRF:0
BRH:0
end_of_record
TN:
SF:C:\Users\jeanpython\Documents\node\DB\tests\fixtures\metric.js
FN:41,extendModel
FN:48,(anonymous_1)
FN:49,(anonymous_2)
FN:51,(anonymous_3)
FN:53,(anonymous_4)
FN:57,(anonymous_5)
FN:59,(anonymous_6)
FN:60,(anonymous_7)
FN:61,(anonymous_8)
FN:67,(anonymous_9)
FNF:10
FNH:10
FNDA:9,extendModel
FNDA:7,(anonymous_1)
FNDA:49,(anonymous_2)
FNDA:21,(anonymous_3)
FNDA:14,(anonymous_4)
FNDA:6,(anonymous_5)
FNDA:42,(anonymous_6)
FNDA:24,(anonymous_7)
FNDA:12,(anonymous_8)
FNDA:6,(anonymous_9)
DA:3,1
DA:12,1
DA:24,1
DA:34,1
DA:42,9
DA:43,9
DA:46,1
DA:49,49
DA:50,7
DA:51,21
DA:52,7
DA:53,14
DA:54,7
DA:58,6
DA:59,42
DA:60,24
DA:61,12
DA:67,6
DA:69,6
LF:19
LH:19
BRF:0
BRH:0
end_of_record
